<?xml version="1.0" encoding="UTF-8"?>
<!-- Generated by org.testng.reporters.JUnitReportReporter -->
<testsuite hostname="DESKTOP-1LKOS4U" failures="0" tests="2" name="qaclickacademy.AppiumTest" time="0.007" errors="0" timestamp="2021-05-31T09:50:40 IST" skipped="0">
  <testcase classname="qaclickacademy.AppiumTest" name="IosApps" time="0.006"/>
  <system-out/>
  <testcase classname="qaclickacademy.AppiumTest" name="NavtiveAppAndroid" time="0.001"/>
  <system-out/>
</testsuite> <!-- qaclickacademy.AppiumTest -->
