<?xml version="1.0" encoding="UTF-8"?>
<!-- Generated by org.testng.reporters.JUnitReportReporter -->
<testsuite skipped="0" hostname="DESKTOP-1LKOS4U" name="qaclickacademy.AppiumTest" tests="2" failures="0" timestamp="2021-06-01T08:48:46 IST" time="0.003" errors="0">
  <testcase name="NavtiveAppAndroid" time="0.000" classname="qaclickacademy.AppiumTest"/>
  <system-out/>
  <testcase name="IosApps" time="0.003" classname="qaclickacademy.AppiumTest"/>
  <system-out/>
</testsuite> <!-- qaclickacademy.AppiumTest -->
